<?xml version="1.0" encoding="UTF-8"?>
<!-- Generated by org.testng.reporters.JUnitReportReporter -->
<testsuite hostname="DESKTOP-23V34RH" name="test.TESTAutotimeLogin" tests="1" failures="0" timestamp="22 Jan 2021 15:58:15 GMT" time="7.324" errors="0">
  <testcase name="login" time="7.324" classname="test.TESTAutotimeLogin"/>
</testsuite> <!-- test.TESTAutotimeLogin -->
